Analysis & Synthesis report for L3C580
Tue May 20 13:07:53 2014
Quartus II Version 9.0 Build 235 06/17/2009 Service Pack 2 SJ Web Edition


---------------------
; Table of Contents ;
---------------------
  1. Legal Notice
  2. Analysis & Synthesis Summary
  3. Analysis & Synthesis Settings
  4. Analysis & Synthesis Source Files Read
  5. Analysis & Synthesis Resource Usage Summary
  6. Analysis & Synthesis Resource Utilization by Entity
  7. Registers Removed During Synthesis
  8. Removed Registers Triggering Further Register Optimizations
  9. General Register Statistics
 10. Multiplexer Restructuring Statistics (Restructuring Performed)
 11. Parameter Settings for User Entity Instance: Top-level Entity: |L3C580
 12. Analysis & Synthesis Messages
 13. Analysis & Synthesis Suppressed Messages



----------------
; Legal Notice ;
----------------
Copyright (C) 1991-2009 Altera Corporation
Your use of Altera Corporation's design tools, logic functions 
and other software and tools, and its AMPP partner logic 
functions, and any output files from any of the foregoing 
(including device programming or simulation files), and any 
associated documentation or information are expressly subject 
to the terms and conditions of the Altera Program License 
Subscription Agreement, Altera MegaCore Function License 
Agreement, or other applicable license agreement, including, 
without limitation, that your use is for the sole purpose of 
programming logic devices manufactured by Altera and sold by 
Altera or its authorized distributors.  Please refer to the 
applicable agreement for further details.



+-----------------------------------------------------------------------------------+
; Analysis & Synthesis Summary                                                      ;
+------------------------------------+----------------------------------------------+
; Analysis & Synthesis Status        ; Successful - Tue May 20 13:07:53 2014        ;
; Quartus II Version                 ; 9.0 Build 235 06/17/2009 SP 2 SJ Web Edition ;
; Revision Name                      ; L3C580                                       ;
; Top-level Entity Name              ; L3C580                                       ;
; Family                             ; Cyclone II                                   ;
; Total logic elements               ; 396                                          ;
;     Total combinational functions  ; 381                                          ;
;     Dedicated logic registers      ; 110                                          ;
; Total registers                    ; 110                                          ;
; Total pins                         ; 61                                           ;
; Total virtual pins                 ; 0                                            ;
; Total memory bits                  ; 0                                            ;
; Embedded Multiplier 9-bit elements ; 0                                            ;
; Total PLLs                         ; 0                                            ;
+------------------------------------+----------------------------------------------+


+--------------------------------------------------------------------------------------------------------+
; Analysis & Synthesis Settings                                                                          ;
+--------------------------------------------------------------+--------------------+--------------------+
; Option                                                       ; Setting            ; Default Value      ;
+--------------------------------------------------------------+--------------------+--------------------+
; Device                                                       ; EP2C20F484C7       ;                    ;
; Top-level entity name                                        ; L3C580             ; L3C580             ;
; Family name                                                  ; Cyclone II         ; Stratix II         ;
; Use Generated Physical Constraints File                      ; Off                ;                    ;
; Use smart compilation                                        ; Off                ; Off                ;
; Restructure Multiplexers                                     ; Auto               ; Auto               ;
; Create Debugging Nodes for IP Cores                          ; Off                ; Off                ;
; Preserve fewer node names                                    ; On                 ; On                 ;
; Disable OpenCore Plus hardware evaluation                    ; Off                ; Off                ;
; Verilog Version                                              ; Verilog_2001       ; Verilog_2001       ;
; VHDL Version                                                 ; VHDL93             ; VHDL93             ;
; State Machine Processing                                     ; Auto               ; Auto               ;
; Safe State Machine                                           ; Off                ; Off                ;
; Extract Verilog State Machines                               ; On                 ; On                 ;
; Extract VHDL State Machines                                  ; On                 ; On                 ;
; Ignore Verilog initial constructs                            ; Off                ; Off                ;
; Iteration limit for constant Verilog loops                   ; 5000               ; 5000               ;
; Iteration limit for non-constant Verilog loops               ; 250                ; 250                ;
; Add Pass-Through Logic to Inferred RAMs                      ; On                 ; On                 ;
; Parallel Synthesis                                           ; Off                ; Off                ;
; DSP Block Balancing                                          ; Auto               ; Auto               ;
; NOT Gate Push-Back                                           ; On                 ; On                 ;
; Power-Up Don't Care                                          ; On                 ; On                 ;
; Remove Redundant Logic Cells                                 ; Off                ; Off                ;
; Remove Duplicate Registers                                   ; On                 ; On                 ;
; Ignore CARRY Buffers                                         ; Off                ; Off                ;
; Ignore CASCADE Buffers                                       ; Off                ; Off                ;
; Ignore GLOBAL Buffers                                        ; Off                ; Off                ;
; Ignore ROW GLOBAL Buffers                                    ; Off                ; Off                ;
; Ignore LCELL Buffers                                         ; Off                ; Off                ;
; Ignore SOFT Buffers                                          ; On                 ; On                 ;
; Limit AHDL Integers to 32 Bits                               ; Off                ; Off                ;
; Optimization Technique                                       ; Balanced           ; Balanced           ;
; Carry Chain Length                                           ; 70                 ; 70                 ;
; Auto Carry Chains                                            ; On                 ; On                 ;
; Auto Open-Drain Pins                                         ; On                 ; On                 ;
; Perform WYSIWYG Primitive Resynthesis                        ; Off                ; Off                ;
; Auto ROM Replacement                                         ; On                 ; On                 ;
; Auto RAM Replacement                                         ; On                 ; On                 ;
; Auto Shift Register Replacement                              ; Auto               ; Auto               ;
; Auto Clock Enable Replacement                                ; On                 ; On                 ;
; Strict RAM Replacement                                       ; Off                ; Off                ;
; Allow Synchronous Control Signals                            ; On                 ; On                 ;
; Force Use of Synchronous Clear Signals                       ; Off                ; Off                ;
; Auto RAM to Logic Cell Conversion                            ; Off                ; Off                ;
; Auto Resource Sharing                                        ; Off                ; Off                ;
; Allow Any RAM Size For Recognition                           ; Off                ; Off                ;
; Allow Any ROM Size For Recognition                           ; Off                ; Off                ;
; Allow Any Shift Register Size For Recognition                ; Off                ; Off                ;
; Use LogicLock Constraints during Resource Balancing          ; On                 ; On                 ;
; Ignore translate_off and synthesis_off directives            ; Off                ; Off                ;
; Timing-Driven Synthesis                                      ; Off                ; Off                ;
; Show Parameter Settings Tables in Synthesis Report           ; On                 ; On                 ;
; Ignore Maximum Fan-Out Assignments                           ; Off                ; Off                ;
; Synchronization Register Chain Length                        ; 2                  ; 2                  ;
; PowerPlay Power Optimization                                 ; Normal compilation ; Normal compilation ;
; HDL message level                                            ; Level2             ; Level2             ;
; Suppress Register Optimization Related Messages              ; Off                ; Off                ;
; Number of Removed Registers Reported in Synthesis Report     ; 100                ; 100                ;
; Number of Inverted Registers Reported in Synthesis Report    ; 100                ; 100                ;
; Clock MUX Protection                                         ; On                 ; On                 ;
; Auto Gated Clock Conversion                                  ; Off                ; Off                ;
; Block Design Naming                                          ; Auto               ; Auto               ;
; SDC constraint protection                                    ; Off                ; Off                ;
; Synthesis Effort                                             ; Auto               ; Auto               ;
; Shift Register Replacement - Allow Asynchronous Clear Signal ; On                 ; On                 ;
; Analysis & Synthesis Message Level                           ; Medium             ; Medium             ;
+--------------------------------------------------------------+--------------------+--------------------+


+---------------------------------------------------------------------------------------------------------------------+
; Analysis & Synthesis Source Files Read                                                                              ;
+----------------------------------+-----------------+------------------------+---------------------------------------+
; File Name with User-Entered Path ; Used in Netlist ; File Type              ; File Name with Absolute Path          ;
+----------------------------------+-----------------+------------------------+---------------------------------------+
; L3C580.v                         ; yes             ; User Verilog HDL File  ; C:/altera/90sp2/quartus/Lab3/L3C580.v ;
+----------------------------------+-----------------+------------------------+---------------------------------------+


+-----------------------------------------------------+
; Analysis & Synthesis Resource Usage Summary         ;
+---------------------------------------------+-------+
; Resource                                    ; Usage ;
+---------------------------------------------+-------+
; Estimated Total logic elements              ; 396   ;
;                                             ;       ;
; Total combinational functions               ; 381   ;
; Logic element usage by number of LUT inputs ;       ;
;     -- 4 input functions                    ; 261   ;
;     -- 3 input functions                    ; 52    ;
;     -- <=2 input functions                  ; 68    ;
;                                             ;       ;
; Logic elements by mode                      ;       ;
;     -- normal mode                          ; 350   ;
;     -- arithmetic mode                      ; 31    ;
;                                             ;       ;
; Total registers                             ; 110   ;
;     -- Dedicated logic registers            ; 110   ;
;     -- I/O registers                        ; 0     ;
;                                             ;       ;
; I/O pins                                    ; 61    ;
; Maximum fan-out node                        ; clock ;
; Maximum fan-out                             ; 94    ;
; Total fan-out                               ; 1696  ;
; Average fan-out                             ; 3.07  ;
+---------------------------------------------+-------+


+-----------------------------------------------------------------------------------------------------------------------------------------------------------------------------+
; Analysis & Synthesis Resource Utilization by Entity                                                                                                                         ;
+----------------------------+-------------------+--------------+-------------+--------------+---------+-----------+------+--------------+---------------------+--------------+
; Compilation Hierarchy Node ; LC Combinationals ; LC Registers ; Memory Bits ; DSP Elements ; DSP 9x9 ; DSP 18x18 ; Pins ; Virtual Pins ; Full Hierarchy Name ; Library Name ;
+----------------------------+-------------------+--------------+-------------+--------------+---------+-----------+------+--------------+---------------------+--------------+
; |L3C580                    ; 381 (381)         ; 110 (110)    ; 0           ; 0            ; 0       ; 0         ; 61   ; 0            ; |L3C580             ; work         ;
+----------------------------+-------------------+--------------+-------------+--------------+---------+-----------+------+--------------+---------------------+--------------+
Note: For table entries with two numbers listed, the numbers in parentheses indicate the number of resources of the given type used by the specific entity alone. The numbers listed outside of parentheses indicate the total resources of the given type used by the specific entity and all of its sub-entities in the hierarchy.


+----------------------------------------------------------------------------------+
; Registers Removed During Synthesis                                               ;
+-----------------------------------------+----------------------------------------+
; Register name                           ; Reason for Removal                     ;
+-----------------------------------------+----------------------------------------+
; VM[1..31]                               ; Stuck at GND due to stuck port data_in ;
; clear[1..31]                            ; Stuck at GND due to stuck port data_in ;
; ledr[0]~reg0                            ; Stuck at GND due to stuck port data_in ;
; ledr[1]~reg0                            ; Stuck at GND due to stuck port data_in ;
; ledr[2]~reg0                            ; Stuck at GND due to stuck port data_in ;
; ledr[3]~reg0                            ; Stuck at GND due to stuck port data_in ;
; ledr[4]~reg0                            ; Stuck at GND due to stuck port data_in ;
; ledr[5]~reg0                            ; Stuck at GND due to stuck port data_in ;
; ledr[6]~reg0                            ; Stuck at GND due to stuck port data_in ;
; ledr[7]~reg0                            ; Stuck at GND due to stuck port data_in ;
; ledr[8]~reg0                            ; Stuck at GND due to stuck port data_in ;
; ledr[9]~reg0                            ; Stuck at GND due to stuck port data_in ;
; rep[2..31]                              ; Merged with rep[1]                     ;
; rep[1]                                  ; Stuck at GND due to stuck port data_in ;
; in[5..7,9..26,28..31]                   ; Merged with in[27]                     ;
; ledg[5]~reg0                            ; Merged with ledg[0]~reg0               ;
; ledg[2]~reg0                            ; Merged with ledg[0]~reg0               ;
; ledg[1]~reg0                            ; Merged with ledg[0]~reg0               ;
; ledg[4]~reg0                            ; Merged with ledg[0]~reg0               ;
; ledg[3]~reg0                            ; Merged with ledg[0]~reg0               ;
; ledg[6]~reg0                            ; Merged with ledg[0]~reg0               ;
; ledg[7]~reg0                            ; Merged with ledg[0]~reg0               ;
; err[2..31]                              ; Merged with err[1]                     ;
; flag[2..31]                             ; Merged with flag[1]                    ;
; in[27]                                  ; Stuck at GND due to stuck port data_in ;
; flag[1]                                 ; Stuck at GND due to stuck port data_in ;
; err[1]                                  ; Stuck at GND due to stuck port data_in ;
; next_state[3]                           ; Stuck at GND due to stuck port data_in ;
; state[3]                                ; Stuck at GND due to stuck port data_in ;
; Total Number of Removed Registers = 200 ;                                        ;
+-----------------------------------------+----------------------------------------+


+--------------------------------------------------------------------------------------------------------------------------------------------+
; Removed Registers Triggering Further Register Optimizations                                                                                ;
+---------------+---------------------------+------------------------------------------------------------------------------------------------+
; Register name ; Reason for Removal        ; Registers Removed due to This Register                                                         ;
+---------------+---------------------------+------------------------------------------------------------------------------------------------+
; VM[1]         ; Stuck at GND              ; ledr[0]~reg0, ledr[1]~reg0, ledr[2]~reg0, ledr[3]~reg0, ledr[4]~reg0, ledr[5]~reg0,            ;
;               ; due to stuck port data_in ; ledr[6]~reg0, ledr[7]~reg0, ledr[8]~reg0, ledr[9]~reg0, rep[1], in[27], err[1], next_state[3], ;
;               ;                           ; state[3]                                                                                       ;
+---------------+---------------------------+------------------------------------------------------------------------------------------------+


+------------------------------------------------------+
; General Register Statistics                          ;
+----------------------------------------------+-------+
; Statistic                                    ; Value ;
+----------------------------------------------+-------+
; Total registers                              ; 110   ;
; Number of registers using Synchronous Clear  ; 35    ;
; Number of registers using Synchronous Load   ; 0     ;
; Number of registers using Asynchronous Clear ; 0     ;
; Number of registers using Asynchronous Load  ; 0     ;
; Number of registers using Clock Enable       ; 71    ;
; Number of registers using Preset             ; 0     ;
+----------------------------------------------+-------+


+------------------------------------------------------------------------------------------------------------------------------------------+
; Multiplexer Restructuring Statistics (Restructuring Performed)                                                                           ;
+--------------------+-----------+---------------+----------------------+------------------------+------------+----------------------------+
; Multiplexer Inputs ; Bus Width ; Baseline Area ; Area if Restructured ; Saving if Restructured ; Registered ; Example Multiplexer Output ;
+--------------------+-----------+---------------+----------------------+------------------------+------------+----------------------------+
; 4:1                ; 4 bits    ; 8 LEs         ; 4 LEs                ; 4 LEs                  ; Yes        ; |L3C580|state[2]           ;
; 20:1               ; 32 bits   ; 416 LEs       ; 32 LEs               ; 384 LEs                ; Yes        ; |L3C580|cycle[4]           ;
; 10:1               ; 14 bits   ; 84 LEs        ; 0 LEs                ; 84 LEs                 ; Yes        ; |L3C580|h1[4]              ;
; 10:1               ; 14 bits   ; 84 LEs        ; 14 LEs               ; 70 LEs                 ; Yes        ; |L3C580|h3[2]              ;
; 515:1              ; 2 bits    ; 686 LEs       ; 4 LEs                ; 682 LEs                ; Yes        ; |L3C580|flag[0]            ;
; 516:1              ; 4 bits    ; 1376 LEs      ; 0 LEs                ; 1376 LEs               ; Yes        ; |L3C580|counter[3]         ;
; 28:1               ; 12 bits   ; 216 LEs       ; 144 LEs              ; 72 LEs                 ; Yes        ; |L3C580|hex1[5]~reg0       ;
; 28:1               ; 7 bits    ; 126 LEs       ; 84 LEs               ; 42 LEs                 ; Yes        ; |L3C580|hex0[1]~reg0       ;
; 30:1               ; 2 bits    ; 40 LEs        ; 8 LEs                ; 32 LEs                 ; Yes        ; |L3C580|hex3[3]~reg0       ;
; 30:1               ; 3 bits    ; 60 LEs        ; 12 LEs               ; 48 LEs                 ; Yes        ; |L3C580|hex2[6]~reg0       ;
+--------------------+-----------+---------------+----------------------+------------------------+------------+----------------------------+


+------------------------------------------------------------------------+
; Parameter Settings for User Entity Instance: Top-level Entity: |L3C580 ;
+----------------+-----------+-------------------------------------------+
; Parameter Name ; Value     ; Type                                      ;
+----------------+-----------+-------------------------------------------+
; zero           ; 000       ; Unsigned Binary                           ;
; one            ; 001       ; Unsigned Binary                           ;
; two            ; 010       ; Unsigned Binary                           ;
; three          ; 011       ; Unsigned Binary                           ;
; four           ; 100       ; Unsigned Binary                           ;
; five           ; 101       ; Unsigned Binary                           ;
; six            ; 110       ; Unsigned Binary                           ;
; seven          ; 111       ; Unsigned Binary                           ;
; none           ; 000000000 ; Unsigned Binary                           ;
; nickel         ; 000000001 ; Unsigned Binary                           ;
; dime           ; 000000010 ; Unsigned Binary                           ;
; quarter        ; 000000100 ; Unsigned Binary                           ;
; dollar         ; 000001000 ; Unsigned Binary                           ;
; credit_card    ; 000010000 ; Unsigned Binary                           ;
; reset          ; 100000000 ; Unsigned Binary                           ;
+----------------+-----------+-------------------------------------------+
Note: In order to hide this table in the UI and the text report file, please set the "Show Parameter Settings Tables in Synthesis Report" option in "Analysis and Synthesis Settings -> More Settings" to "Off".


+-------------------------------+
; Analysis & Synthesis Messages ;
+-------------------------------+
Info: *******************************************************************
Info: Running Quartus II Analysis & Synthesis
    Info: Version 9.0 Build 235 06/17/2009 Service Pack 2 SJ Web Edition
    Info: Processing started: Tue May 20 13:07:22 2014
Info: Command: quartus_map --read_settings_files=on --write_settings_files=off L3C580 -c L3C580
Info: Found 1 design units, including 1 entities, in source file L3C580.v
    Info: Found entity 1: L3C580
Info: Elaborating entity "L3C580" for the top level hierarchy
Warning (10762): Verilog HDL Case Statement warning at L3C580.v(206): can't check case statement for completeness because the case expression has too many possible states
Warning (10230): Verilog HDL assignment warning at L3C580.v(411): truncated value with size 32 to match size of target (4)
Warning (10230): Verilog HDL assignment warning at L3C580.v(424): truncated value with size 32 to match size of target (4)
Warning (10230): Verilog HDL assignment warning at L3C580.v(434): truncated value with size 32 to match size of target (4)
Warning (10230): Verilog HDL assignment warning at L3C580.v(440): truncated value with size 32 to match size of target (4)
Warning: Output pins are stuck at VCC or GND
    Warning (13410): Pin "ledr[0]" is stuck at GND
    Warning (13410): Pin "ledr[1]" is stuck at GND
    Warning (13410): Pin "ledr[2]" is stuck at GND
    Warning (13410): Pin "ledr[3]" is stuck at GND
    Warning (13410): Pin "ledr[4]" is stuck at GND
    Warning (13410): Pin "ledr[5]" is stuck at GND
    Warning (13410): Pin "ledr[6]" is stuck at GND
    Warning (13410): Pin "ledr[7]" is stuck at GND
    Warning (13410): Pin "ledr[8]" is stuck at GND
    Warning (13410): Pin "ledr[9]" is stuck at GND
Info: Generated suppressed messages file C:/altera/90sp2/quartus/Lab3/L3C580.map.smsg
Warning: Design contains 3 input pin(s) that do not drive logic
    Warning (15610): No output dependent on input pin "key[0]"
    Warning (15610): No output dependent on input pin "key[2]"
    Warning (15610): No output dependent on input pin "key[3]"
Info: Implemented 457 device resources after synthesis - the final resource count might be different
    Info: Implemented 15 input pins
    Info: Implemented 46 output pins
    Info: Implemented 396 logic cells
Info: Quartus II Analysis & Synthesis was successful. 0 errors, 20 warnings
    Info: Peak virtual memory: 234 megabytes
    Info: Processing ended: Tue May 20 13:07:53 2014
    Info: Elapsed time: 00:00:31
    Info: Total CPU time (on all processors): 00:00:30


+------------------------------------------+
; Analysis & Synthesis Suppressed Messages ;
+------------------------------------------+
The suppressed messages can be found in C:/altera/90sp2/quartus/Lab3/L3C580.map.smsg.


